TN:
SF:routes\authentication.js
FN:8,(anonymous_0)
FN:23,(anonymous_1)
FN:37,(anonymous_2)
FN:38,(anonymous_3)
FNF:4
FNH:3
FNDA:2,(anonymous_0)
FNDA:2,(anonymous_1)
FNDA:1,(anonymous_2)
FNDA:0,(anonymous_3)
DA:2,1
DA:3,1
DA:4,1
DA:8,1
DA:9,2
DA:15,1
DA:23,1
DA:24,2
DA:29,1
DA:37,1
DA:38,1
DA:39,0
DA:40,0
DA:41,0
DA:45,1
LF:15
LH:12
BRDA:39,0,0,0
BRDA:39,0,1,0
BRF:2
BRH:0
end_of_record
TN:
SF:routes\cinemas.js
FN:9,(anonymous_0)
FN:10,(anonymous_1)
FNF:2
FNH:2
FNDA:2,(anonymous_0)
FNDA:2,(anonymous_1)
DA:2,1
DA:3,1
DA:4,1
DA:5,1
DA:6,1
DA:9,1
DA:10,2
DA:11,2
DA:12,1
DA:13,1
DA:15,1
DA:19,1
LF:12
LH:12
BRDA:11,0,0,1
BRDA:11,0,1,1
BRF:2
BRH:2
end_of_record
TN:
SF:routes\database.js
FN:8,(anonymous_0)
FNF:1
FNH:1
FNDA:6,(anonymous_0)
DA:2,6
DA:5,6
DA:9,6
DA:10,0
DA:16,6
LF:5
LH:4
BRDA:9,0,0,0
BRDA:9,0,1,6
BRF:2
BRH:1
end_of_record
TN:
SF:routes\isAuth.js
FN:3,isAuth
FNF:1
FNH:1
FNDA:3,isAuth
DA:1,2
DA:5,3
DA:6,1
DA:9,1
DA:12,2
LF:5
LH:5
BRDA:5,0,0,1
BRDA:5,0,1,1
BRF:2
BRH:2
end_of_record
TN:
SF:routes\menu.js
FN:5,(anonymous_0)
FN:9,(anonymous_1)
FN:15,(anonymous_2)
FNF:3
FNH:3
FNDA:3,(anonymous_0)
FNDA:3,(anonymous_1)
FNDA:2,(anonymous_2)
DA:2,1
DA:3,1
DA:4,1
DA:5,1
DA:6,3
DA:9,3
DA:10,3
DA:11,1
DA:15,2
DA:16,2
DA:17,1
DA:21,1
DA:28,1
LF:13
LH:13
BRDA:10,0,0,1
BRDA:10,0,1,2
BRDA:16,1,0,1
BRDA:16,1,1,1
BRF:4
BRH:4
end_of_record
TN:
SF:routes\movies.js
FN:7,(anonymous_0)
FN:8,(anonymous_1)
FN:22,(anonymous_2)
FN:25,(anonymous_3)
FN:30,(anonymous_4)
FNF:5
FNH:5
FNDA:2,(anonymous_0)
FNDA:2,(anonymous_1)
FNDA:4,(anonymous_2)
FNDA:4,(anonymous_3)
FNDA:3,(anonymous_4)
DA:2,1
DA:3,1
DA:4,1
DA:7,1
DA:8,2
DA:9,2
DA:10,1
DA:13,1
DA:22,1
DA:23,4
DA:25,4
DA:26,4
DA:27,1
DA:30,3
DA:31,3
DA:32,1
DA:35,2
DA:44,1
LF:18
LH:18
BRDA:9,0,0,1
BRDA:9,0,1,1
BRDA:26,1,0,1
BRDA:26,1,1,3
BRDA:31,2,0,1
BRDA:31,2,1,2
BRF:6
BRH:6
end_of_record
TN:
SF:routes\orders.js
FN:9,(anonymous_0)
FN:15,(anonymous_1)
FN:19,(anonymous_2)
FN:39,isAuthenticated
FN:47,(anonymous_4)
FN:56,(anonymous_5)
FN:59,(anonymous_6)
FN:60,(anonymous_7)
FN:66,(anonymous_8)
FN:67,(anonymous_9)
FN:75,(anonymous_10)
FN:88,(anonymous_11)
FN:89,(anonymous_12)
FN:93,(anonymous_13)
FN:97,(anonymous_14)
FN:103,(anonymous_15)
FNF:16
FNH:15
FNDA:4,(anonymous_0)
FNDA:6,(anonymous_1)
FNDA:1,(anonymous_2)
FNDA:3,isAuthenticated
FNDA:2,(anonymous_4)
FNDA:2,(anonymous_5)
FNDA:2,(anonymous_6)
FNDA:2,(anonymous_7)
FNDA:0,(anonymous_8)
FNDA:2,(anonymous_9)
FNDA:2,(anonymous_10)
FNDA:2,(anonymous_11)
FNDA:2,(anonymous_12)
FNDA:1,(anonymous_13)
FNDA:1,(anonymous_14)
FNDA:1,(anonymous_15)
DA:3,1
DA:4,1
DA:5,1
DA:6,1
DA:9,1
DA:10,4
DA:11,4
DA:15,1
DA:16,6
DA:17,6
DA:19,6
DA:21,6
DA:22,0
DA:23,0
DA:25,6
DA:34,6
DA:35,6
DA:40,3
DA:41,2
DA:43,1
DA:47,1
DA:48,2
DA:49,0
DA:50,0
DA:51,0
DA:53,2
DA:54,2
DA:56,2
DA:59,2
DA:60,2
DA:62,2
DA:63,2
DA:66,2
DA:67,2
DA:69,2
DA:72,2
DA:76,2
DA:77,1
DA:78,1
DA:80,1
DA:81,1
DA:88,1
DA:89,2
DA:90,2
DA:91,1
DA:93,1
DA:95,1
DA:96,1
DA:97,1
DA:101,1
DA:102,1
DA:103,1
DA:107,1
DA:108,1
DA:109,1
DA:111,1
DA:112,1
DA:113,1
DA:116,1
DA:118,1
DA:122,1
LF:61
LH:56
BRDA:10,0,0,4
BRDA:10,0,1,1
BRDA:17,1,0,6
BRDA:17,1,1,5
BRDA:21,2,0,0
BRDA:21,2,1,6
BRDA:40,3,0,2
BRDA:40,3,1,1
BRDA:48,4,0,0
BRDA:48,4,1,2
BRDA:49,5,0,0
BRDA:49,5,1,0
BRDA:53,6,0,2
BRDA:53,6,1,0
BRDA:76,7,0,1
BRDA:76,7,1,1
BRDA:90,8,0,1
BRDA:90,8,1,1
BRDA:95,9,0,1
BRDA:95,9,1,0
BRDA:96,10,0,1
BRDA:96,10,1,0
BRDA:101,11,0,1
BRDA:101,11,1,0
BRDA:102,12,0,1
BRDA:102,12,1,0
BRDA:108,13,0,1
BRDA:108,13,1,0
BRDA:111,14,0,1
BRDA:111,14,1,0
BRDA:112,15,0,1
BRDA:112,15,1,0
BRF:32
BRH:20
end_of_record
TN:
SF:routes\restaurants.js
FN:6,(anonymous_0)
FN:7,(anonymous_1)
FNF:2
FNH:2
FNDA:3,(anonymous_0)
FNDA:3,(anonymous_1)
DA:2,1
DA:3,1
DA:4,1
DA:6,1
DA:7,3
DA:8,3
DA:9,1
DA:11,2
DA:15,1
LF:9
LH:9
BRDA:8,0,0,1
BRDA:8,0,1,2
BRF:2
BRH:2
end_of_record
TN:
SF:routes\showtimes.js
FN:6,(anonymous_0)
FN:10,(anonymous_1)
FN:21,(anonymous_2)
FNF:3
FNH:3
FNDA:4,(anonymous_0)
FNDA:4,(anonymous_1)
FNDA:2,(anonymous_2)
DA:1,1
DA:2,1
DA:3,1
DA:6,1
DA:7,4
DA:10,4
DA:11,4
DA:12,1
DA:16,3
DA:17,1
DA:21,2
DA:22,2
DA:23,1
DA:27,1
DA:38,1
LF:15
LH:15
BRDA:11,0,0,1
BRDA:11,0,1,3
BRDA:16,1,0,1
BRDA:16,1,1,2
BRDA:22,2,0,1
BRDA:22,2,1,1
BRF:6
BRH:6
end_of_record
TN:
SF:routes\tickets.js
FN:8,(anonymous_0)
FN:15,(anonymous_1)
FN:26,(anonymous_2)
FN:47,(anonymous_3)
FN:54,(anonymous_4)
FN:63,(anonymous_5)
FN:74,(anonymous_6)
FN:81,(anonymous_7)
FNF:8
FNH:4
FNDA:4,(anonymous_0)
FNDA:2,(anonymous_1)
FNDA:0,(anonymous_2)
FNDA:2,(anonymous_3)
FNDA:0,(anonymous_4)
FNDA:0,(anonymous_5)
FNDA:2,(anonymous_6)
FNDA:0,(anonymous_7)
DA:2,1
DA:3,1
DA:4,1
DA:5,1
DA:8,1
DA:9,4
DA:10,4
DA:11,4
DA:15,1
DA:16,2
DA:18,2
DA:19,2
DA:21,2
DA:22,2
DA:25,0
DA:26,0
DA:28,0
DA:29,0
DA:30,0
DA:32,0
DA:41,0
DA:42,0
DA:43,0
DA:47,1
DA:48,2
DA:50,2
DA:51,2
DA:54,0
DA:55,0
DA:58,0
DA:59,0
DA:61,0
DA:64,0
DA:65,0
DA:66,0
DA:68,0
DA:69,0
DA:74,1
DA:75,2
DA:82,0
DA:83,0
DA:84,0
DA:86,0
DA:90,1
LF:44
LH:21
BRDA:9,0,0,4
BRDA:9,0,1,0
BRDA:21,1,0,2
BRDA:21,1,1,0
BRDA:21,2,0,2
BRDA:21,2,1,0
BRDA:21,2,2,0
BRDA:25,3,0,0
BRDA:25,3,1,0
BRDA:28,4,0,0
BRDA:28,4,1,0
BRDA:48,5,0,2
BRDA:48,5,1,0
BRDA:50,6,0,2
BRDA:50,6,1,0
BRDA:64,7,0,0
BRDA:64,7,1,0
BRDA:82,8,0,0
BRDA:82,8,1,0
BRF:19
BRH:5
end_of_record
