TN:
SF:routes\authentication.js
FN:8,(anonymous_0)
FN:23,(anonymous_1)
FN:37,(anonymous_2)
FN:38,(anonymous_3)
FNF:4
FNH:3
FNDA:2,(anonymous_0)
FNDA:2,(anonymous_1)
FNDA:1,(anonymous_2)
FNDA:0,(anonymous_3)
DA:2,1
DA:3,1
DA:4,1
DA:8,1
DA:9,2
DA:15,1
DA:23,1
DA:24,2
DA:29,1
DA:37,1
DA:38,1
DA:39,0
DA:40,0
DA:41,0
DA:45,1
LF:15
LH:12
BRDA:39,0,0,0
BRDA:39,0,1,0
BRF:2
BRH:0
end_of_record
TN:
SF:routes\cinemas.js
FN:9,(anonymous_0)
FN:10,(anonymous_1)
FNF:2
FNH:2
FNDA:2,(anonymous_0)
FNDA:2,(anonymous_1)
DA:2,1
DA:3,1
DA:4,1
DA:5,1
DA:6,1
DA:9,1
DA:10,2
DA:11,2
DA:12,1
DA:13,1
DA:15,1
DA:19,1
LF:12
LH:12
BRDA:11,0,0,1
BRDA:11,0,1,1
BRF:2
BRH:2
end_of_record
TN:
SF:routes\database.js
FN:8,(anonymous_0)
FNF:1
FNH:1
FNDA:6,(anonymous_0)
DA:2,6
DA:5,6
DA:9,6
DA:10,0
DA:16,6
LF:5
LH:4
BRDA:9,0,0,0
BRDA:9,0,1,6
BRF:2
BRH:1
end_of_record
TN:
SF:routes\isAuth.js
FN:3,isAuth
FNF:1
FNH:1
FNDA:3,isAuth
DA:1,2
DA:5,3
DA:6,1
DA:9,1
DA:12,2
LF:5
LH:5
BRDA:5,0,0,1
BRDA:5,0,1,1
BRF:2
BRH:2
end_of_record
TN:
SF:routes\menu.js
FN:5,(anonymous_0)
FN:9,(anonymous_1)
FN:15,(anonymous_2)
FNF:3
FNH:3
FNDA:3,(anonymous_0)
FNDA:3,(anonymous_1)
FNDA:2,(anonymous_2)
DA:2,1
DA:3,1
DA:4,1
DA:5,1
DA:6,3
DA:9,3
DA:10,3
DA:11,1
DA:15,2
DA:16,2
DA:17,1
DA:21,1
DA:28,1
LF:13
LH:13
BRDA:10,0,0,1
BRDA:10,0,1,2
BRDA:16,1,0,1
BRDA:16,1,1,1
BRF:4
BRH:4
end_of_record
TN:
SF:routes\movies.js
FN:6,(anonymous_0)
FN:7,(anonymous_1)
FN:21,(anonymous_2)
FN:24,(anonymous_3)
FN:29,(anonymous_4)
FNF:5
FNH:5
FNDA:2,(anonymous_0)
FNDA:2,(anonymous_1)
FNDA:4,(anonymous_2)
FNDA:4,(anonymous_3)
FNDA:3,(anonymous_4)
DA:1,1
DA:2,1
DA:3,1
DA:6,1
DA:7,2
DA:8,2
DA:9,1
DA:12,1
DA:21,1
DA:22,4
DA:24,4
DA:25,4
DA:26,1
DA:29,3
DA:30,3
DA:31,1
DA:34,2
DA:43,1
LF:18
LH:18
BRDA:8,0,0,1
BRDA:8,0,1,1
BRDA:25,1,0,1
BRDA:25,1,1,3
BRDA:30,2,0,1
BRDA:30,2,1,2
BRF:6
BRH:6
end_of_record
TN:
SF:routes\orders.js
FN:7,(anonymous_0)
FN:13,(anonymous_1)
FN:17,(anonymous_2)
FN:37,isAuthenticated
FN:45,(anonymous_4)
FN:52,(anonymous_5)
FN:54,(anonymous_6)
FN:60,(anonymous_7)
FN:71,(anonymous_8)
FN:72,(anonymous_9)
FN:76,(anonymous_10)
FN:78,(anonymous_11)
FNF:12
FNH:12
FNDA:4,(anonymous_0)
FNDA:6,(anonymous_1)
FNDA:1,(anonymous_2)
FNDA:3,isAuthenticated
FNDA:2,(anonymous_4)
FNDA:2,(anonymous_5)
FNDA:2,(anonymous_6)
FNDA:2,(anonymous_7)
FNDA:2,(anonymous_8)
FNDA:2,(anonymous_9)
FNDA:1,(anonymous_10)
FNDA:1,(anonymous_11)
DA:1,1
DA:2,1
DA:3,1
DA:4,1
DA:7,1
DA:8,4
DA:9,4
DA:13,1
DA:14,6
DA:15,6
DA:17,6
DA:19,6
DA:20,0
DA:21,0
DA:23,6
DA:32,6
DA:33,6
DA:38,3
DA:39,2
DA:41,1
DA:45,1
DA:46,2
DA:47,0
DA:48,0
DA:49,0
DA:51,2
DA:52,2
DA:54,2
DA:56,2
DA:59,2
DA:61,2
DA:62,1
DA:64,1
DA:65,1
DA:71,1
DA:72,2
DA:73,2
DA:74,1
DA:76,1
DA:77,1
DA:78,1
DA:79,1
DA:81,1
DA:85,1
LF:44
LH:39
BRDA:8,0,0,4
BRDA:8,0,1,1
BRDA:15,1,0,6
BRDA:15,1,1,5
BRDA:19,2,0,0
BRDA:19,2,1,6
BRDA:38,3,0,2
BRDA:38,3,1,1
BRDA:46,4,0,0
BRDA:46,4,1,2
BRDA:47,5,0,0
BRDA:47,5,1,0
BRDA:51,6,0,2
BRDA:51,6,1,0
BRDA:61,7,0,1
BRDA:61,7,1,1
BRDA:73,8,0,1
BRDA:73,8,1,1
BRF:18
BRH:13
end_of_record
TN:
SF:routes\restaurants.js
FN:6,(anonymous_0)
FN:7,(anonymous_1)
FNF:2
FNH:2
FNDA:3,(anonymous_0)
FNDA:3,(anonymous_1)
DA:2,1
DA:3,1
DA:4,1
DA:6,1
DA:7,3
DA:8,3
DA:9,1
DA:11,2
DA:15,1
LF:9
LH:9
BRDA:8,0,0,1
BRDA:8,0,1,2
BRF:2
BRH:2
end_of_record
TN:
SF:routes\showtimes.js
FN:6,(anonymous_0)
FN:10,(anonymous_1)
FN:21,(anonymous_2)
FNF:3
FNH:3
FNDA:4,(anonymous_0)
FNDA:4,(anonymous_1)
FNDA:2,(anonymous_2)
DA:1,1
DA:2,1
DA:3,1
DA:6,1
DA:7,4
DA:10,4
DA:11,4
DA:12,1
DA:16,3
DA:17,1
DA:21,2
DA:22,2
DA:23,1
DA:27,1
DA:38,1
LF:15
LH:15
BRDA:11,0,0,1
BRDA:11,0,1,3
BRDA:16,1,0,1
BRDA:16,1,1,2
BRDA:22,2,0,1
BRDA:22,2,1,1
BRF:6
BRH:6
end_of_record
TN:
SF:routes\tickets.js
FN:8,(anonymous_0)
FN:15,(anonymous_1)
FN:20,(anonymous_2)
FN:40,(anonymous_3)
FN:47,(anonymous_4)
FN:56,(anonymous_5)
FN:67,(anonymous_6)
FN:74,(anonymous_7)
FNF:8
FNH:4
FNDA:4,(anonymous_0)
FNDA:2,(anonymous_1)
FNDA:0,(anonymous_2)
FNDA:2,(anonymous_3)
FNDA:0,(anonymous_4)
FNDA:0,(anonymous_5)
FNDA:4,(anonymous_6)
FNDA:0,(anonymous_7)
DA:2,1
DA:3,1
DA:4,1
DA:5,1
DA:8,1
DA:9,4
DA:10,4
DA:11,4
DA:15,1
DA:16,2
DA:17,2
DA:19,2
DA:20,2
DA:22,2
DA:23,0
DA:24,0
DA:26,2
DA:35,2
DA:36,2
DA:40,1
DA:41,2
DA:43,2
DA:44,2
DA:47,0
DA:48,0
DA:51,0
DA:52,0
DA:54,0
DA:57,0
DA:58,0
DA:59,0
DA:61,0
DA:62,0
DA:67,1
DA:68,4
DA:75,0
DA:76,0
DA:77,0
DA:79,0
DA:83,1
LF:40
LH:24
BRDA:9,0,0,4
BRDA:9,0,1,0
BRDA:19,1,0,2
BRDA:19,1,1,0
BRDA:22,2,0,0
BRDA:22,2,1,2
BRDA:41,3,0,2
BRDA:41,3,1,0
BRDA:43,4,0,2
BRDA:43,4,1,0
BRDA:57,5,0,0
BRDA:57,5,1,0
BRDA:75,6,0,0
BRDA:75,6,1,0
BRF:14
BRH:5
end_of_record
